Determining if the pthread_create exist failed with the following output:
Change Dir: /home/ddegonge888/lab2_ws/build/CMakeFiles/CMakeTmp

Run Build Command:"/usr/bin/make" "cmTC_737b5/fast"
/usr/bin/make -f CMakeFiles/cmTC_737b5.dir/build.make CMakeFiles/cmTC_737b5.dir/build
make[1]: Entering directory '/home/ddegonge888/lab2_ws/build/CMakeFiles/CMakeTmp'
Building C object CMakeFiles/cmTC_737b5.dir/CheckSymbolExists.c.o
/usr/bin/cc     -o CMakeFiles/cmTC_737b5.dir/CheckSymbolExists.c.o   -c /home/ddegonge888/lab2_ws/build/CMakeFiles/CMakeTmp/CheckSymbolExists.c
Linking C executable cmTC_737b5
/usr/bin/cmake -E cmake_link_script CMakeFiles/cmTC_737b5.dir/link.txt --verbose=1
/usr/bin/cc       CMakeFiles/cmTC_737b5.dir/CheckSymbolExists.c.o  -o cmTC_737b5 -rdynamic 
CMakeFiles/cmTC_737b5.dir/CheckSymbolExists.c.o: In function `main':
CheckSymbolExists.c:(.text+0x16): undefined reference to `pthread_create'
collect2: error: ld returned 1 exit status
CMakeFiles/cmTC_737b5.dir/build.make:97: recipe for target 'cmTC_737b5' failed
make[1]: *** [cmTC_737b5] Error 1
make[1]: Leaving directory '/home/ddegonge888/lab2_ws/build/CMakeFiles/CMakeTmp'
Makefile:126: recipe for target 'cmTC_737b5/fast' failed
make: *** [cmTC_737b5/fast] Error 2

File /home/ddegonge888/lab2_ws/build/CMakeFiles/CMakeTmp/CheckSymbolExists.c:
/* */
#include <pthread.h>

int main(int argc, char** argv)
{
  (void)argv;
#ifndef pthread_create
  return ((int*)(&pthread_create))[argc];
#else
  (void)argc;
  return 0;
#endif
}

Determining if the function pthread_create exists in the pthreads failed with the following output:
Change Dir: /home/ddegonge888/lab2_ws/build/CMakeFiles/CMakeTmp

Run Build Command:"/usr/bin/make" "cmTC_09519/fast"
/usr/bin/make -f CMakeFiles/cmTC_09519.dir/build.make CMakeFiles/cmTC_09519.dir/build
make[1]: Entering directory '/home/ddegonge888/lab2_ws/build/CMakeFiles/CMakeTmp'
Building C object CMakeFiles/cmTC_09519.dir/CheckFunctionExists.c.o
/usr/bin/cc    -DCHECK_FUNCTION_EXISTS=pthread_create   -o CMakeFiles/cmTC_09519.dir/CheckFunctionExists.c.o   -c /usr/share/cmake-3.5/Modules/CheckFunctionExists.c
Linking C executable cmTC_09519
/usr/bin/cmake -E cmake_link_script CMakeFiles/cmTC_09519.dir/link.txt --verbose=1
/usr/bin/cc   -DCHECK_FUNCTION_EXISTS=pthread_create    CMakeFiles/cmTC_09519.dir/CheckFunctionExists.c.o  -o cmTC_09519 -rdynamic -lpthreads 
/usr/bin/ld: cannot find -lpthreads
collect2: error: ld returned 1 exit status
CMakeFiles/cmTC_09519.dir/build.make:97: recipe for target 'cmTC_09519' failed
make[1]: *** [cmTC_09519] Error 1
make[1]: Leaving directory '/home/ddegonge888/lab2_ws/build/CMakeFiles/CMakeTmp'
Makefile:126: recipe for target 'cmTC_09519/fast' failed
make: *** [cmTC_09519/fast] Error 2


